

*******************************************************************************
Sat Nov 12 10:49:09 2022


FIT:    data read from '../../DATA/'.ph.'/'.filename.'/SummaryG1.txt'  using  (log(a1*$2)):(log($3/$5))
        format = x:z
        x range restricted to [5.00000 : 15.0000]
        #datapoints = 15
        residuals are weighted equally (unit weight)

function used for fitting: f(x)
	f(x) = m * x + q
fitted parameters initialized with current variable values

iter      chisq       delta/lim  lambda   m             q            
   0 2.6326533088e+03   0.00e+00  8.53e+00    1.000000e+00   1.000000e+00
   5 1.0425789772e-01  -2.85e-02  8.53e-05    2.916918e-01  -3.741026e+00

After 5 iterations the fit converged.
final sum of squares of residuals : 0.104258
rel. change during last iteration : -2.85098e-07

degrees of freedom    (FIT_NDF)                        : 13
rms of residuals      (FIT_STDFIT) = sqrt(WSSR/ndf)    : 0.0895535
variance of residuals (reduced chisquare) = WSSR/ndf   : 0.00801984

Final set of parameters            Asymptotic Standard Error
=======================            ==========================
m               = 0.291692         +/- 0.03273      (11.22%)
q               = -3.74103         +/- 0.3933       (10.51%)

correlation matrix of the fit parameters:
                m      q      
m               1.000 
q              -0.998  1.000 


*******************************************************************************
Sat Nov 12 10:49:09 2022


FIT:    data read from '../../DATA/'.ph.'/'.filename.'/SummaryG2.txt'  using  (log(a2*$2)):(log($3/$5))
        format = x:z
        x range restricted to [5.00000 : 15.0000]
        #datapoints = 10
        residuals are weighted equally (unit weight)

function used for fitting: f(x)
	f(x) = m * x + q
fitted parameters initialized with current variable values

iter      chisq       delta/lim  lambda   m             q            
   0 2.4230762522e-01   0.00e+00  3.67e+00    2.916918e-01  -3.741026e+00
   4 1.8158813903e-02  -4.19e-01  3.67e-04    2.332420e-01  -3.165908e+00

After 4 iterations the fit converged.
final sum of squares of residuals : 0.0181588
rel. change during last iteration : -4.19477e-06

degrees of freedom    (FIT_NDF)                        : 8
rms of residuals      (FIT_STDFIT) = sqrt(WSSR/ndf)    : 0.047643
variance of residuals (reduced chisquare) = WSSR/ndf   : 0.00226985

Final set of parameters            Asymptotic Standard Error
=======================            ==========================
m               = 0.233242         +/- 0.02168      (9.293%)
q               = -3.16591         +/- 0.2671       (8.438%)

correlation matrix of the fit parameters:
                m      q      
m               1.000 
q              -0.998  1.000 


*******************************************************************************
Sat Nov 12 10:49:09 2022


FIT:    data read from '../../DATA/'.ph.'/'.filename.'/SummaryG3.txt'  using  (log(a3*$2)):(log($3/$5))
        format = x:z
        x range restricted to [5.00000 : 15.0000]
        #datapoints = 7
        residuals are weighted equally (unit weight)

function used for fitting: f(x)
	f(x) = m * x + q
fitted parameters initialized with current variable values

iter      chisq       delta/lim  lambda   m             q            
   0 1.5875695565e-02   0.00e+00  3.07e+00    2.332420e-01  -3.165908e+00
   4 1.1497832831e-02  -1.96e-01  3.07e-04    2.406839e-01  -3.285529e+00

After 4 iterations the fit converged.
final sum of squares of residuals : 0.0114978
rel. change during last iteration : -1.96372e-06

degrees of freedom    (FIT_NDF)                        : 5
rms of residuals      (FIT_STDFIT) = sqrt(WSSR/ndf)    : 0.0479538
variance of residuals (reduced chisquare) = WSSR/ndf   : 0.00229957

Final set of parameters            Asymptotic Standard Error
=======================            ==========================
m               = 0.240684         +/- 0.03943      (16.38%)
q               = -3.28553         +/- 0.5028       (15.3%)

correlation matrix of the fit parameters:
                m      q      
m               1.000 
q              -0.999  1.000 


*******************************************************************************
Sat Nov 12 10:49:09 2022


FIT:    data read from '../../DATA/'.ph.'/'.filename.'/SummaryG4.txt'  using  (log(a4*$2)):(log($3/$5))
        format = x:z
        x range restricted to [5.00000 : 15.0000]
        #datapoints = 6
        residuals are weighted equally (unit weight)

function used for fitting: f(x)
	f(x) = m * x + q
fitted parameters initialized with current variable values

iter      chisq       delta/lim  lambda   m             q            
   0 5.2328933864e-02   0.00e+00  3.22e+00    2.406839e-01  -3.285529e+00
   4 1.0989753896e-02  -2.52e-01  3.22e-04    2.296996e-01  -3.224590e+00

After 4 iterations the fit converged.
final sum of squares of residuals : 0.0109898
rel. change during last iteration : -2.5187e-06

degrees of freedom    (FIT_NDF)                        : 4
rms of residuals      (FIT_STDFIT) = sqrt(WSSR/ndf)    : 0.052416
variance of residuals (reduced chisquare) = WSSR/ndf   : 0.00274744

Final set of parameters            Asymptotic Standard Error
=======================            ==========================
m               = 0.2297           +/- 0.04555      (19.83%)
q               = -3.22459         +/- 0.5966       (18.5%)

correlation matrix of the fit parameters:
                m      q      
m               1.000 
q              -0.999  1.000 


*******************************************************************************
Sat Nov 12 10:49:09 2022


FIT:    data read from '../../DATA/'.ph.'/'.filename.'/SummaryG5.txt'  using  (log(a5*$2)):(log($3/$5))
        format = x:z
        x range restricted to [5.00000 : 15.0000]
        #datapoints = 5
        residuals are weighted equally (unit weight)

function used for fitting: f(x)
	f(x) = m * x + q
fitted parameters initialized with current variable values

iter      chisq       delta/lim  lambda   m             q            
   0 2.8264609370e-02   0.00e+00  3.15e+00    2.296996e-01  -3.224590e+00
   5 5.6729484608e-03  -1.94e-07  3.15e-05    2.423873e-01  -3.460686e+00

After 5 iterations the fit converged.
final sum of squares of residuals : 0.00567295
rel. change during last iteration : -1.94099e-12

degrees of freedom    (FIT_NDF)                        : 3
rms of residuals      (FIT_STDFIT) = sqrt(WSSR/ndf)    : 0.0434854
variance of residuals (reduced chisquare) = WSSR/ndf   : 0.00189098

Final set of parameters            Asymptotic Standard Error
=======================            ==========================
m               = 0.242387         +/- 0.03962      (16.34%)
q               = -3.46069         +/- 0.5286       (15.27%)

correlation matrix of the fit parameters:
                m      q      
m               1.000 
q              -0.999  1.000 
