iter      chisq       delta/lim  lambda   m             q            
   0 8.5322707491e+11   0.00e+00  1.69e+05    1.000000e+00   1.000000e+00
   1 8.8785335677e+08  -9.60e+07  1.69e+04    3.225776e-02   9.999966e-01
   2 9.9567460810e+01  -8.92e+11  1.69e+03    1.043283e-05   9.999964e-01
   3 9.8281927800e-01  -1.00e+07  1.69e+02   -3.162419e-07   9.999957e-01
   4 9.8253729921e-01  -2.87e+01  1.69e+01   -3.160269e-07   9.999253e-01
   5 9.5494947435e-01  -2.89e+03  1.69e+00   -2.913031e-07   9.929865e-01
   6 1.7422971765e-01  -4.48e+05  1.69e-01    7.115256e-07   7.115378e-01
   7 2.0497493891e-02  -7.50e+05  1.69e-02    1.391224e-06   5.207771e-01
   8 2.0490431296e-02  -3.45e+01  1.69e-03    1.395862e-06   5.194754e-01
   9 2.0490431296e-02  -1.60e-07  1.69e-04    1.395863e-06   5.194753e-01
iter      chisq       delta/lim  lambda   m             q            

After 9 iterations the fit converged.
final sum of squares of residuals : 0.0204904
rel. change during last iteration : -1.60346e-12

degrees of freedom    (FIT_NDF)                        : 13
rms of residuals      (FIT_STDFIT) = sqrt(WSSR/ndf)    : 0.0397012
variance of residuals (reduced chisquare) = WSSR/ndf   : 0.00157619

Final set of parameters            Asymptotic Standard Error
=======================            ==========================
m               = 1.39586e-06      +/- 8.154e-08    (5.842%)
q               = 0.519475         +/- 0.01945      (3.744%)

correlation matrix of the fit parameters:
                m      q      
m               1.000 
q              -0.850  1.000 
iter      chisq       delta/lim  lambda   m             q            
   0 3.0398586228e-01   0.00e+00  4.82e-01    1.395863e-06   5.194753e-01
   1 1.0127964095e-02  -2.90e+06  4.82e-02    9.711806e-07   4.923856e-01
   2 2.4018089499e-03  -3.22e+05  4.82e-03    7.988970e-07   5.369259e-01
   3 2.4014187965e-03  -1.62e+01  4.82e-04    7.976833e-07   5.372947e-01
   4 2.4014187965e-03  -9.14e-08  4.82e-05    7.976832e-07   5.372947e-01
iter      chisq       delta/lim  lambda   m             q            

After 4 iterations the fit converged.
final sum of squares of residuals : 0.00240142
rel. change during last iteration : -9.13623e-13

degrees of freedom    (FIT_NDF)                        : 8
rms of residuals      (FIT_STDFIT) = sqrt(WSSR/ndf)    : 0.0173256
variance of residuals (reduced chisquare) = WSSR/ndf   : 0.000300177

Final set of parameters            Asymptotic Standard Error
=======================            ==========================
m               = 7.97683e-07      +/- 3.432e-08    (4.302%)
q               = 0.537295         +/- 0.01083      (2.016%)

correlation matrix of the fit parameters:
                m      q      
m               1.000 
q              -0.863  1.000 
iter      chisq       delta/lim  lambda   m             q            
   0 1.7474671498e-02   0.00e+00  4.45e-01    7.976832e-07   5.372947e-01
   1 6.4396962401e-03  -1.71e+05  4.45e-02    7.198075e-07   5.371462e-01
   2 3.2134537251e-03  -1.00e+05  4.45e-03    5.895072e-07   5.864413e-01
   3 3.2118676888e-03  -4.94e+01  4.45e-04    5.865697e-07   5.876024e-01
   4 3.2118676888e-03  -2.57e-06  4.45e-05    5.865690e-07   5.876027e-01
iter      chisq       delta/lim  lambda   m             q            

After 4 iterations the fit converged.
final sum of squares of residuals : 0.00321187
rel. change during last iteration : -2.56592e-11

degrees of freedom    (FIT_NDF)                        : 5
rms of residuals      (FIT_STDFIT) = sqrt(WSSR/ndf)    : 0.0253451
variance of residuals (reduced chisquare) = WSSR/ndf   : 0.000642374

Final set of parameters            Asymptotic Standard Error
=======================            ==========================
m               = 5.86569e-07      +/- 5.944e-08    (10.13%)
q               = 0.587603         +/- 0.02447      (4.164%)

correlation matrix of the fit parameters:
                m      q      
m               1.000 
q              -0.920  1.000 
iter      chisq       delta/lim  lambda   m             q            
   0 6.4614281688e-02   0.00e+00  4.81e-01    5.865690e-07   5.876027e-01
   1 6.3897589136e-03  -9.11e+05  4.81e-02    5.114146e-07   5.405283e-01
   2 2.7009124474e-03  -1.37e+05  4.81e-03    4.092250e-07   5.900664e-01
   3 2.6985565954e-03  -8.73e+01  4.81e-04    4.065249e-07   5.915710e-01
   4 2.6985565952e-03  -6.49e-06  4.81e-05    4.065241e-07   5.915714e-01
iter      chisq       delta/lim  lambda   m             q            

After 4 iterations the fit converged.
final sum of squares of residuals : 0.00269856
rel. change during last iteration : -6.48857e-11

degrees of freedom    (FIT_NDF)                        : 4
rms of residuals      (FIT_STDFIT) = sqrt(WSSR/ndf)    : 0.0259738
variance of residuals (reduced chisquare) = WSSR/ndf   : 0.000674639

Final set of parameters            Asymptotic Standard Error
=======================            ==========================
m               = 4.06524e-07      +/- 4.589e-08    (11.29%)
q               = 0.591571         +/- 0.02681      (4.533%)

correlation matrix of the fit parameters:
                m      q      
m               1.000 
q              -0.918  1.000 
iter      chisq       delta/lim  lambda   m             q            
   0 3.0229044274e-02   0.00e+00  4.72e-01    4.065241e-07   5.915714e-01
   1 2.8715448821e-03  -9.53e+05  4.72e-02    3.732130e-07   5.489893e-01
   2 1.3240346080e-03  -1.17e+05  4.72e-03    3.212660e-07   5.794458e-01
   3 1.3226014210e-03  -1.08e+02  4.72e-04    3.195557e-07   5.806668e-01
   4 1.3226014209e-03  -1.26e-05  4.72e-05    3.195551e-07   5.806673e-01
iter      chisq       delta/lim  lambda   m             q            

After 4 iterations the fit converged.
final sum of squares of residuals : 0.0013226
rel. change during last iteration : -1.26071e-10

degrees of freedom    (FIT_NDF)                        : 3
rms of residuals      (FIT_STDFIT) = sqrt(WSSR/ndf)    : 0.0209968
variance of residuals (reduced chisquare) = WSSR/ndf   : 0.000440867

Final set of parameters            Asymptotic Standard Error
=======================            ==========================
m               = 3.19555e-07      +/- 3.009e-08    (9.415%)
q               = 0.580667         +/- 0.02282      (3.93%)

correlation matrix of the fit parameters:
                m      q      
m               1.000 
q              -0.911  1.000 
